<?xml version="1.0" encoding="UTF-8"?>
<testsuite name="PrintingFactoryTest" tests="5" skipped="0" failures="0" errors="0" timestamp="2024-06-09T18:12:31" hostname="Yvonnes-MacBook-Pro.local" time="0.003">
  <properties/>
  <testcase name="testAddPrintedPublication()" classname="PrintingFactoryTest" time="0.0"/>
  <testcase name="testGetPriceForBook()" classname="PrintingFactoryTest" time="0.0"/>
  <testcase name="testGetPriceForNewspaper()" classname="PrintingFactoryTest" time="0.001"/>
  <testcase name="testGetPriceForPoster()" classname="PrintingFactoryTest" time="0.0"/>
  <testcase name="testAddMachine()" classname="PrintingFactoryTest" time="0.0"/>
  <system-out><![CDATA[]]></system-out>
  <system-err><![CDATA[]]></system-err>
</testsuite>
